#
# There is insufficient memory for the Java Runtime Environment to continue.
# Native memory allocation (malloc) failed to allocate 1407312 bytes for Chunk::new
# Possible reasons:
#   The system is out of physical RAM or swap space
#   The process is running with CompressedOops enabled, and the Java Heap may be blocking the growth of the native heap
# Possible solutions:
#   Reduce memory load on the system
#   Increase physical memory or swap space
#   Check if swap backing store is full
#   Decrease Java heap size (-Xmx/-Xms)
#   Decrease number of Java threads
#   Decrease Java thread stack sizes (-Xss)
#   Set larger code cache with -XX:ReservedCodeCacheSize=
#   JVM is running with Zero Based Compressed Oops mode in which the Java heap is
#     placed in the first 32GB address space. The Java Heap base address is the
#     maximum limit for the native heap growth. Please use -XX:HeapBaseMinAddress
#     to set the Java Heap base and to place the Java Heap above 32GB virtual address.
# This output file may be truncated or incomplete.
#
#  Out of Memory Error (arena.cpp:184), pid=3580, tid=3416
#
# JRE version: Java(TM) SE Runtime Environment (19.0.2+7) (build 19.0.2+7-44)
# Java VM: Java HotSpot(TM) 64-Bit Server VM (19.0.2+7-44, mixed mode, sharing, tiered, compressed oops, compressed class ptrs, g1 gc, windows-amd64)
# No core dump will be written. Minidumps are not enabled by default on client versions of Windows
#

---------------  S U M M A R Y ------------

Command Line: -javaagent:C:\Program Files\JetBrains\IntelliJ IDEA Community Edition 2024.1\lib\idea_rt.jar=63651:C:\Program Files\JetBrains\IntelliJ IDEA Community Edition 2024.1\bin -Dfile.encoding=UTF-8 -Dsun.stdout.encoding=UTF-8 -Dsun.stderr.encoding=UTF-8 com.blogWebAapp.blogServer.BlogServerApplication

Host: Intel(R) Core(TM) i5-8365U CPU @ 1.60GHz, 8 cores, 15G,  Windows 10 , 64 bit Build 19041 (10.0.19041.2546)
Time: Wed May  1 19:22:24 2024 Maroc (heure d64 bit Build 19041 (10.0.19041.2546) elapsed time: 14.719034 seconds (0d 0h 0m 14s)

---------------  T H R E A D  ---------------

Current thread (0x000001659aa63340):  JavaThread "C2 CompilerThread0" daemon [_thread_in_native, id=3416, stack(0x0000003b9b800000,0x0000003b9b900000)]


Current CompileTask:
C2:  14719 5332       4       org.springframework.core.annotation.AnnotationsScanner::scan (21 bytes)

Stack: [0x0000003b9b800000,0x0000003b9b900000]
Native frames: (J=compiled Java code, j=interpreted, Vv=VM code, C=native code)
V  [jvm.dll+0x6ee21a]
V  [jvm.dll+0x85765e]
V  [jvm.dll+0x85904e]
V  [jvm.dll+0x859703]
V  [jvm.dll+0x28298f]
V  [jvm.dll+0xc9adf]
V  [jvm.dll+0xc9e65]
V  [jvm.dll+0x3bca4c]
V  [jvm.dll+0x3860e1]
V  [jvm.dll+0x38555a]
V  [jvm.dll+0x24c3d9]
V  [jvm.dll+0x24b781]
V  [jvm.dll+0x1d6ce1]
V  [jvm.dll+0x25b25a]
V  [jvm.dll+0x2596e8]
V  [jvm.dll+0x807588]
V  [jvm.dll+0x80125a]
V  [jvm.dll+0x6ecf0b]
C  [ucrtbase.dll+0x21bb2]
C  [KERNEL32.DLL+0x17614]
C  [ntdll.dll+0x526a1]


---------------  P R O C E S S  ---------------

Threads class SMR info:
_java_thread_list=0x00000165a1022920, length=23, elements={
0x00000165f782a8e0, 0x000001659aa59130, 0x000001659aa59f20, 0x000001659aa5db30,
0x000001659aa61480, 0x000001659aa61db0, 0x000001659aa626e0, 0x000001659aa63340,
0x000001659f008090, 0x000001659aa6a490, 0x000001659f0fc9d0, 0x000001659f2ac0a0,
0x000001659f2ac5e0, 0x000001659fb546b0, 0x000001659fbc58a0, 0x00000165a058adf0,
0x00000165a0b933a0, 0x00000165a1bb3bb0, 0x00000165a18efad0, 0x00000165a09a6390,
0x00000165a09a68e0, 0x00000165a0db1770, 0x00000165a01939a0
}

Java Threads: ( => current thread )
  0x00000165f782a8e0 JavaThread "main" [_thread_blocked, id=17264, stack(0x0000003b9ab00000,0x0000003b9ac00000)]
  0x000001659aa59130 JavaThread "Reference Handler" daemon [_thread_blocked, id=19784, stack(0x0000003b9b200000,0x0000003b9b300000)]
  0x000001659aa59f20 JavaThread "Finalizer" daemon [_thread_blocked, id=22188, stack(0x0000003b9b300000,0x0000003b9b400000)]
  0x000001659aa5db30 JavaThread "Signal Dispatcher" daemon [_thread_blocked, id=13728, stack(0x0000003b9b400000,0x0000003b9b500000)]
  0x000001659aa61480 JavaThread "Attach Listener" daemon [_thread_blocked, id=17276, stack(0x0000003b9b500000,0x0000003b9b600000)]
  0x000001659aa61db0 JavaThread "Service Thread" daemon [_thread_blocked, id=4088, stack(0x0000003b9b600000,0x0000003b9b700000)]
  0x000001659aa626e0 JavaThread "Monitor Deflation Thread" daemon [_thread_blocked, id=23620, stack(0x0000003b9b700000,0x0000003b9b800000)]
=>0x000001659aa63340 JavaThread "C2 CompilerThread0" daemon [_thread_in_native, id=3416, stack(0x0000003b9b800000,0x0000003b9b900000)]
  0x000001659f008090 JavaThread "C1 CompilerThread0" daemon [_thread_in_native, id=22344, stack(0x0000003b9b900000,0x0000003b9ba00000)]
  0x000001659aa6a490 JavaThread "Sweeper thread" daemon [_thread_blocked, id=17668, stack(0x0000003b9ba00000,0x0000003b9bb00000)]
  0x000001659f0fc9d0 JavaThread "Common-Cleaner" daemon [_thread_blocked, id=7732, stack(0x0000003b9bb00000,0x0000003b9bc00000)]
  0x000001659f2ac0a0 JavaThread "Monitor Ctrl-Break" daemon [_thread_in_native, id=15652, stack(0x0000003b9bd00000,0x0000003b9be00000)]
  0x000001659f2ac5e0 JavaThread "Notification Thread" daemon [_thread_blocked, id=24560, stack(0x0000003b9be00000,0x0000003b9bf00000)]
  0x000001659fb546b0 JavaThread "Thread-0" [_thread_blocked, id=19448, stack(0x0000003b9c000000,0x0000003b9c100000)]
  0x000001659fbc58a0 JavaThread "restartedMain" [_thread_in_Java, id=5744, stack(0x0000003b9c100000,0x0000003b9c200000)]
  0x00000165a058adf0 JavaThread "Catalina-utility-1" [_thread_blocked, id=10784, stack(0x0000003b9cb00000,0x0000003b9cc00000)]
  0x00000165a0b933a0 JavaThread "Catalina-utility-2" [_thread_blocked, id=15592, stack(0x0000003b9cc00000,0x0000003b9cd00000)]
  0x00000165a1bb3bb0 JavaThread "container-0" [_thread_blocked, id=16112, stack(0x0000003b9cd00000,0x0000003b9ce00000)]
  0x00000165a18efad0 JavaThread "mysql-cj-abandoned-connection-cleanup" daemon [_thread_blocked, id=6588, stack(0x0000003b9ce00000,0x0000003b9cf00000)]
  0x00000165a09a6390 JavaThread "HikariPool-1 housekeeper" daemon [_thread_blocked, id=14460, stack(0x0000003b9d000000,0x0000003b9d100000)]
  0x00000165a09a68e0 JavaThread "HikariPool-1 connection adder" daemon [_thread_blocked, id=12768, stack(0x0000003b9cf00000,0x0000003b9d000000)]
  0x00000165a0db1770 JavaThread "C2 CompilerThread1" daemon [_thread_in_native, id=8592, stack(0x0000003b9ca00000,0x0000003b9cb00000)]
  0x00000165a01939a0 JavaThread "C2 CompilerThread2" daemon [_thread_in_native, id=18548, stack(0x0000003b9d100000,0x0000003b9d200000)]

Other Threads:
  0x000001659aa3ffd0 VMThread "VM Thread" [stack: 0x0000003b9b100000,0x0000003b9b200000] [id=20332]
  0x000001659f3fecf0 WatcherThread "VM Periodic Task Thread" [stack: 0x0000003b9bf00000,0x0000003b9c000000] [id=10796]
  0x00000165f7898830 WorkerThread "GC Thread#0" [stack: 0x0000003b9ac00000,0x0000003b9ad00000] [id=10776]
  0x000001659fb2dc80 WorkerThread "GC Thread#1" [stack: 0x0000003b9c200000,0x0000003b9c300000] [id=21600]
  0x000001659fbc8270 WorkerThread "GC Thread#2" [stack: 0x0000003b9c300000,0x0000003b9c400000] [id=22888]
  0x000001659fbc8540 WorkerThread "GC Thread#3" [stack: 0x0000003b9c400000,0x0000003b9c500000] [id=10304]
  0x000001659fc0b3e0 WorkerThread "GC Thread#4" [stack: 0x0000003b9c500000,0x0000003b9c600000] [id=13672]
  0x000001659fc09d60 WorkerThread "GC Thread#5" [stack: 0x0000003b9c600000,0x0000003b9c700000] [id=15828]
  0x000001659fc0b6b0 WorkerThread "GC Thread#6" [stack: 0x0000003b9c700000,0x0000003b9c800000] [id=21692]
  0x000001659fc0a300 WorkerThread "GC Thread#7" [stack: 0x0000003b9c800000,0x0000003b9c900000] [id=24136]
  0x00000165f78a9630 ConcurrentGCThread "G1 Main Marker" [stack: 0x0000003b9ad00000,0x0000003b9ae00000] [id=11616]
  0x00000165f78aa060 WorkerThread "G1 Conc#0" [stack: 0x0000003b9ae00000,0x0000003b9af00000] [id=3596]
  0x000001659fc0ae40 WorkerThread "G1 Conc#1" [stack: 0x0000003b9c900000,0x0000003b9ca00000] [id=4152]
  0x00000165f78eeb80 ConcurrentGCThread "G1 Refine#0" [stack: 0x0000003b9af00000,0x0000003b9b000000] [id=5016]
  0x000001659a8fbb50 ConcurrentGCThread "G1 Service" [stack: 0x0000003b9b000000,0x0000003b9b100000] [id=612]

Threads with active compile tasks:
C2 CompilerThread0    14760 5332       4       org.springframework.core.annotation.AnnotationsScanner::scan (21 bytes)
C2 CompilerThread1    14760 5489   !   4       org.springframework.core.annotation.AnnotationsScanner::processMethodHierarchy (276 bytes)
C2 CompilerThread2    14760 5473       4       org.springframework.core.annotation.TypeMappedAnnotations::get (52 bytes)

VM state: not at safepoint (normal execution)

VM Mutex/Monitor currently owned by a thread: None

Heap address: 0x0000000703000000, size: 4048 MB, Compressed Oops mode: Zero based, Oop shift amount: 3

CDS archive(s) mapped at: [0x0000000800000000-0x0000000800c40000-0x0000000800c40000), size 12845056, SharedBaseAddress: 0x0000000800000000, ArchiveRelocationMode: 0.
Compressed class space mapped at: 0x0000000801000000-0x0000000841000000, reserved size: 1073741824
Narrow klass base: 0x0000000800000000, Narrow klass shift: 0, Narrow klass range: 0x100000000

GC Precious Log:
 CardTable entry size: 512
 Card Set container configuration: InlinePtr #cards 4 size 8 Array Of Cards #cards 16 size 48 Howl #buckets 8 coarsen threshold 3686 Howl Bitmap #cards 512 size 80 coarsen threshold 460 Card regions per heap region 1 cards per card region 4096
 CPUs: 8 total, 8 available
 Memory: 16190M
 Large Page Support: Disabled
 NUMA Support: Disabled
 Compressed Oops: Enabled (Zero based)
 Heap Region Size: 2M
 Heap Min Capacity: 8M
 Heap Initial Capacity: 254M
 Heap Max Capacity: 4048M
 Pre-touch: Disabled
 Parallel Workers: 8
 Concurrent Workers: 2
 Concurrent Refinement Workers: 8
 Periodic GC: Disabled

Heap:
 garbage-first heap   total 61440K, used 32131K [0x0000000703000000, 0x0000000800000000)
  region size 2048K, 7 young (14336K), 2 survivors (4096K)
 Metaspace       used 60481K, committed 61120K, reserved 1114112K
  class space    used 7862K, committed 8128K, reserved 1048576K

Heap Regions: E=young(eden), S=young(survivor), O=old, HS=humongous(starts), HC=humongous(continues), CS=collection set, F=free, OA=open archive, CA=closed archive, TAMS=top-at-mark-start (previous, next)
|   0|0x0000000703000000, 0x0000000703200000, 0x0000000703200000|100%| O|  |TAMS 0x0000000703200000, 0x0000000703000000| Untracked 
|   1|0x0000000703200000, 0x0000000703400000, 0x0000000703400000|100%| O|  |TAMS 0x0000000703400000, 0x0000000703200000| Untracked 
|   2|0x0000000703400000, 0x0000000703600000, 0x0000000703600000|100%| O|  |TAMS 0x0000000703600000, 0x0000000703400000| Untracked 
|   3|0x0000000703600000, 0x0000000703800000, 0x0000000703800000|100%| O|  |TAMS 0x0000000703800000, 0x0000000703600000| Untracked 
|   4|0x0000000703800000, 0x0000000703a00000, 0x0000000703a00000|100%| O|  |TAMS 0x0000000703a00000, 0x0000000703800000| Untracked 
|   5|0x0000000703a00000, 0x0000000703c00000, 0x0000000703c00000|100%| O|  |TAMS 0x0000000703c00000, 0x0000000703a00000| Untracked 
|   6|0x0000000703c00000, 0x0000000703e00000, 0x0000000703e00000|100%| O|  |TAMS 0x0000000703e00000, 0x0000000703c00000| Untracked 
|   7|0x0000000703e00000, 0x0000000704000000, 0x0000000704000000|100%| O|  |TAMS 0x0000000704000000, 0x0000000703e00000| Untracked 
|   8|0x0000000704000000, 0x0000000704200000, 0x0000000704200000|100%| O|  |TAMS 0x0000000704200000, 0x0000000704000000| Complete 
|   9|0x0000000704200000, 0x0000000704400000, 0x0000000704400000|100%| O|  |TAMS 0x0000000704400000, 0x0000000704200000| Untracked 
|  10|0x0000000704400000, 0x0000000704507a00, 0x0000000704600000| 51%| O|  |TAMS 0x0000000704400000, 0x0000000704400000| Untracked 
|  11|0x0000000704600000, 0x0000000704600000, 0x0000000704800000|  0%| F|  |TAMS 0x0000000704600000, 0x0000000704600000| Untracked 
|  12|0x0000000704800000, 0x0000000704800000, 0x0000000704a00000|  0%| F|  |TAMS 0x0000000704800000, 0x0000000704800000| Untracked 
|  13|0x0000000704a00000, 0x0000000704a00000, 0x0000000704c00000|  0%| F|  |TAMS 0x0000000704a00000, 0x0000000704a00000| Untracked 
|  14|0x0000000704c00000, 0x0000000704c00000, 0x0000000704e00000|  0%| F|  |TAMS 0x0000000704c00000, 0x0000000704c00000| Untracked 
|  15|0x0000000704e00000, 0x0000000704e00000, 0x0000000705000000|  0%| F|  |TAMS 0x0000000704e00000, 0x0000000704e00000| Untracked 
|  16|0x0000000705000000, 0x0000000705000000, 0x0000000705200000|  0%| F|  |TAMS 0x0000000705000000, 0x0000000705000000| Untracked 
|  17|0x0000000705200000, 0x0000000705200000, 0x0000000705400000|  0%| F|  |TAMS 0x0000000705200000, 0x0000000705200000| Untracked 
|  18|0x0000000705400000, 0x0000000705400000, 0x0000000705600000|  0%| F|  |TAMS 0x0000000705400000, 0x0000000705400000| Untracked 
|  19|0x0000000705600000, 0x0000000705600000, 0x0000000705800000|  0%| F|  |TAMS 0x0000000705600000, 0x0000000705600000| Untracked 
|  20|0x0000000705800000, 0x0000000705800000, 0x0000000705a00000|  0%| F|  |TAMS 0x0000000705800000, 0x0000000705800000| Untracked 
|  21|0x0000000705a00000, 0x0000000705a00000, 0x0000000705c00000|  0%| F|  |TAMS 0x0000000705a00000, 0x0000000705a00000| Untracked 
|  22|0x0000000705c00000, 0x0000000705c00000, 0x0000000705e00000|  0%| F|  |TAMS 0x0000000705c00000, 0x0000000705c00000| Untracked 
|  23|0x0000000705e00000, 0x0000000705ed6d98, 0x0000000706000000| 41%| E|  |TAMS 0x0000000705e00000, 0x0000000705e00000| Complete 
|  24|0x0000000706000000, 0x0000000706200000, 0x0000000706200000|100%| E|CS|TAMS 0x0000000706000000, 0x0000000706000000| Complete 
|  95|0x000000070ee00000, 0x000000070ee59220, 0x000000070f000000| 17%| S|CS|TAMS 0x000000070ee00000, 0x000000070ee00000| Complete 
|  96|0x000000070f000000, 0x000000070f200000, 0x000000070f200000|100%| S|CS|TAMS 0x000000070f000000, 0x000000070f000000| Complete 
|  97|0x000000070f200000, 0x000000070f400000, 0x000000070f400000|100%| E|CS|TAMS 0x000000070f200000, 0x000000070f200000| Complete 
|  98|0x000000070f400000, 0x000000070f600000, 0x000000070f600000|100%| E|CS|TAMS 0x000000070f400000, 0x000000070f400000| Complete 
| 126|0x0000000712c00000, 0x0000000712e00000, 0x0000000712e00000|100%| E|CS|TAMS 0x0000000712c00000, 0x0000000712c00000| Complete 

Card table byte_map: [0x000001658f7f0000,0x000001658ffe0000] _byte_map_base: 0x000001658bfd8000

Marking Bits (Prev, Next): (CMBitMap*) 0x00000165f7898ea0, (CMBitMap*) 0x00000165f7898e60
 Prev Bits: [0x0000016594710000, 0x0000016598650000)
 Next Bits: [0x00000165907d0000, 0x0000016594710000)

Polling page: 0x00000165f5630000

Metaspace:

Usage:
  Non-class:     51.39 MB used.
      Class:      7.68 MB used.
       Both:     59.07 MB used.

Virtual space:
  Non-class space:       64.00 MB reserved,      51.75 MB ( 81%) committed,  1 nodes.
      Class space:        1.00 GB reserved,       7.94 MB ( <1%) committed,  1 nodes.
             Both:        1.06 GB reserved,      59.69 MB (  5%) committed. 

Chunk freelists:
   Non-Class:  96.00 KB
       Class:  94.00 KB
        Both:  174.00 KB

MaxMetaspaceSize: unlimited
CompressedClassSpaceSize: 1.00 GB
Initial GC threshold: 21.00 MB
Current GC threshold: 98.25 MB
CDS: on
MetaspaceReclaimPolicy: balanced
 - commit_granule_bytes: 65536.
 - commit_granule_words: 8192.
 - virtual_space_node_default_size: 8388608.
 - enlarge_chunks_in_place: 1.
 - new_chunks_are_fully_committed: 0.
 - uncommit_free_chunks: 1.
 - use_allocation_guard: 0.


Internal statistics:

num_allocs_failed_limit: 9.
num_arena_births: 836.
num_arena_deaths: 0.
num_vsnodes_births: 2.
num_vsnodes_deaths: 0.
num_space_committed: 955.
num_space_uncommitted: 0.
num_chunks_returned_to_freelist: 9.
num_chunks_taken_from_freelist: 2838.
num_chunk_merges: 9.
num_chunk_splits: 2106.
num_chunks_enlarged: 1693.
num_inconsistent_stats: 0.

CodeHeap 'non-profiled nmethods': size=120000Kb used=2656Kb max_used=3054Kb free=117343Kb
 bounds [0x0000016587ad0000, 0x0000016587de0000, 0x000001658f000000]
CodeHeap 'profiled nmethods': size=120000Kb used=9380Kb max_used=11217Kb free=110619Kb
 bounds [0x0000016580000000, 0x0000016580b10000, 0x0000016587530000]
CodeHeap 'non-nmethods': size=5760Kb used=1438Kb max_used=1528Kb free=4321Kb
 bounds [0x0000016587530000, 0x00000165877a0000, 0x0000016587ad0000]
 total_blobs=5348 nmethods=4660 adapters=598
 compilation: enabled
              stopped_count=0, restarted_count=0
 full_count=0

Compilation events (20 events):
Event: 14.669 Thread 0x000001659f008090 nmethod 5520 0x000001658010f090 code [0x000001658010f2a0, 0x000001658010f938]
Event: 14.669 Thread 0x000001659f008090 5521       3       org.springframework.beans.factory.support.AbstractBeanFactory::getType (7 bytes)
Event: 14.669 Thread 0x000001659f008090 nmethod 5521 0x00000165807e5590 code [0x00000165807e5740, 0x00000165807e5908]
Event: 14.670 Thread 0x000001659f008090 5522       3       org.springframework.context.support.ApplicationObjectSupport::obtainApplicationContext (21 bytes)
Event: 14.671 Thread 0x00000165a0db1770 nmethod 5316 0x0000016587bcb610 code [0x0000016587bcbb20, 0x0000016587bcef08]
Event: 14.671 Thread 0x000001659f008090 nmethod 5522 0x00000165801f2a90 code [0x00000165801f2c80, 0x00000165801f31e8]
Event: 14.672 Thread 0x00000165a0db1770 5489   !   4       org.springframework.core.annotation.AnnotationsScanner::processMethodHierarchy (276 bytes)
Event: 14.686 Thread 0x000001659f008090 5525       3       org.springframework.core.ResolvableType::forMethodParameter (23 bytes)
Event: 14.688 Thread 0x000001659f008090 nmethod 5525 0x0000016580259610 code [0x0000016580259900, 0x000001658025aa18]
Event: 14.703 Thread 0x000001659f008090 5526       3       org.springframework.util.ReflectionUtils::doWithMethods (7 bytes)
Event: 14.703 Thread 0x000001659f008090 nmethod 5526 0x0000016580428010 code [0x00000165804281c0, 0x00000165804282e8]
Event: 14.704 Thread 0x000001659f008090 5527       3       org.springframework.util.ReflectionUtils$$Lambda$549/0x0000000801338de8::<init> (10 bytes)
Event: 14.704 Thread 0x000001659f008090 nmethod 5527 0x0000016580607c10 code [0x0000016580607dc0, 0x0000016580607f78]
Event: 14.712 Thread 0x000001659f008090 5528       2       org.springframework.core.ResolvableType::as (86 bytes)
Event: 14.712 Thread 0x000001659f008090 nmethod 5528 0x0000016580689910 code [0x0000016580689b00, 0x0000016580689df8]
Event: 14.712 Thread 0x000001659f008090 5529       3       java.lang.ThreadLocal$ThreadLocalMap::cleanSomeSlots (61 bytes)
Event: 14.713 Thread 0x000001659f008090 nmethod 5529 0x0000016580313990 code [0x0000016580313b80, 0x00000165803140b8]
Event: 14.715 Thread 0x000001659f008090 5530       3       java.util.concurrent.ConcurrentHashMap::forEach (65 bytes)
Event: 14.716 Thread 0x000001659f008090 nmethod 5530 0x00000165800d1690 code [0x00000165800d1880, 0x00000165800d1d58]
Event: 14.716 Thread 0x000001659f008090 5531       3       org.springframework.core.SimpleAliasRegistry::retrieveAliases (18 bytes)

GC Heap History (20 events):
Event: 2.469 GC heap before
{Heap before GC invocations=1 (full 0):
 garbage-first heap   total 260096K, used 33151K [0x0000000703000000, 0x0000000800000000)
  region size 2048K, 15 young (30720K), 2 survivors (4096K)
 Metaspace       used 12295K, committed 12608K, reserved 1114112K
  class space    used 1412K, committed 1536K, reserved 1048576K
}
Event: 2.476 GC heap after
{Heap after GC invocations=2 (full 0):
 garbage-first heap   total 260096K, used 8967K [0x0000000703000000, 0x0000000800000000)
  region size 2048K, 2 young (4096K), 2 survivors (4096K)
 Metaspace       used 12295K, committed 12608K, reserved 1114112K
  class space    used 1412K, committed 1536K, reserved 1048576K
}
Event: 5.238 GC heap before
{Heap before GC invocations=2 (full 0):
 garbage-first heap   total 260096K, used 58119K [0x0000000703000000, 0x0000000800000000)
  region size 2048K, 28 young (57344K), 2 survivors (4096K)
 Metaspace       used 21269K, committed 21504K, reserved 1114112K
  class space    used 2498K, committed 2624K, reserved 1048576K
}
Event: 5.247 GC heap after
{Heap after GC invocations=3 (full 0):
 garbage-first heap   total 260096K, used 12667K [0x0000000703000000, 0x0000000800000000)
  region size 2048K, 4 young (8192K), 4 survivors (8192K)
 Metaspace       used 21269K, committed 21504K, reserved 1114112K
  class space    used 2498K, committed 2624K, reserved 1048576K
}
Event: 7.307 GC heap before
{Heap before GC invocations=4 (full 0):
 garbage-first heap   total 61440K, used 41339K [0x0000000703000000, 0x0000000800000000)
  region size 2048K, 18 young (36864K), 4 survivors (8192K)
 Metaspace       used 25860K, committed 26304K, reserved 1114112K
  class space    used 3198K, committed 3392K, reserved 1048576K
}
Event: 7.319 GC heap after
{Heap after GC invocations=5 (full 0):
 garbage-first heap   total 61440K, used 15629K [0x0000000703000000, 0x0000000800000000)
  region size 2048K, 2 young (4096K), 2 survivors (4096K)
 Metaspace       used 25860K, committed 26304K, reserved 1114112K
  class space    used 3198K, committed 3392K, reserved 1048576K
}
Event: 7.564 GC heap before
{Heap before GC invocations=5 (full 0):
 garbage-first heap   total 61440K, used 17677K [0x0000000703000000, 0x0000000800000000)
  region size 2048K, 3 young (6144K), 2 survivors (4096K)
 Metaspace       used 26445K, committed 27008K, reserved 1114112K
  class space    used 3260K, committed 3520K, reserved 1048576K
}
Event: 7.569 GC heap after
{Heap after GC invocations=6 (full 0):
 garbage-first heap   total 61440K, used 15911K [0x0000000703000000, 0x0000000800000000)
  region size 2048K, 1 young (2048K), 1 survivors (2048K)
 Metaspace       used 26445K, committed 27008K, reserved 1114112K
  class space    used 3260K, committed 3520K, reserved 1048576K
}
Event: 8.770 GC heap before
{Heap before GC invocations=6 (full 0):
 garbage-first heap   total 61440K, used 38439K [0x0000000703000000, 0x0000000800000000)
  region size 2048K, 13 young (26624K), 1 survivors (2048K)
 Metaspace       used 31019K, committed 31488K, reserved 1114112K
  class space    used 3808K, committed 4032K, reserved 1048576K
}
Event: 8.774 GC heap after
{Heap after GC invocations=7 (full 0):
 garbage-first heap   total 61440K, used 17148K [0x0000000703000000, 0x0000000800000000)
  region size 2048K, 1 young (2048K), 1 survivors (2048K)
 Metaspace       used 31019K, committed 31488K, reserved 1114112K
  class space    used 3808K, committed 4032K, reserved 1048576K
}
Event: 9.694 GC heap before
{Heap before GC invocations=7 (full 0):
 garbage-first heap   total 61440K, used 31484K [0x0000000703000000, 0x0000000800000000)
  region size 2048K, 9 young (18432K), 1 survivors (2048K)
 Metaspace       used 35377K, committed 35968K, reserved 1114112K
  class space    used 4489K, committed 4800K, reserved 1048576K
}
Event: 9.699 GC heap after
{Heap after GC invocations=8 (full 0):
 garbage-first heap   total 61440K, used 17896K [0x0000000703000000, 0x0000000800000000)
  region size 2048K, 2 young (4096K), 2 survivors (4096K)
 Metaspace       used 35377K, committed 35968K, reserved 1114112K
  class space    used 4489K, committed 4800K, reserved 1048576K
}
Event: 11.597 GC heap before
{Heap before GC invocations=9 (full 0):
 garbage-first heap   total 61440K, used 42472K [0x0000000703000000, 0x0000000800000000)
  region size 2048K, 14 young (28672K), 2 survivors (4096K)
 Metaspace       used 45526K, committed 46080K, reserved 1114112K
  class space    used 5688K, committed 5888K, reserved 1048576K
}
Event: 11.605 GC heap after
{Heap after GC invocations=10 (full 0):
 garbage-first heap   total 61440K, used 20543K [0x0000000703000000, 0x0000000800000000)
  region size 2048K, 2 young (4096K), 2 survivors (4096K)
 Metaspace       used 45526K, committed 46080K, reserved 1114112K
  class space    used 5688K, committed 5888K, reserved 1048576K
}
Event: 12.701 GC heap before
{Heap before GC invocations=10 (full 0):
 garbage-first heap   total 61440K, used 43071K [0x0000000703000000, 0x0000000800000000)
  region size 2048K, 13 young (26624K), 2 survivors (4096K)
 Metaspace       used 52755K, committed 53312K, reserved 1114112K
  class space    used 6748K, committed 6976K, reserved 1048576K
}
Event: 12.707 GC heap after
{Heap after GC invocations=11 (full 0):
 garbage-first heap   total 61440K, used 21969K [0x0000000703000000, 0x0000000800000000)
  region size 2048K, 1 young (2048K), 1 survivors (2048K)
 Metaspace       used 52755K, committed 53312K, reserved 1114112K
  class space    used 6748K, committed 6976K, reserved 1048576K
}
Event: 13.792 GC heap before
{Heap before GC invocations=11 (full 0):
 garbage-first heap   total 61440K, used 46545K [0x0000000703000000, 0x0000000800000000)
  region size 2048K, 13 young (26624K), 1 survivors (2048K)
 Metaspace       used 58938K, committed 59520K, reserved 1114112K
  class space    used 7564K, committed 7808K, reserved 1048576K
}
Event: 13.797 GC heap after
{Heap after GC invocations=12 (full 0):
 garbage-first heap   total 61440K, used 23445K [0x0000000703000000, 0x0000000800000000)
  region size 2048K, 2 young (4096K), 2 survivors (4096K)
 Metaspace       used 58938K, committed 59520K, reserved 1114112K
  class space    used 7564K, committed 7808K, reserved 1048576K
}
Event: 14.161 GC heap before
{Heap before GC invocations=12 (full 0):
 garbage-first heap   total 61440K, used 27541K [0x0000000703000000, 0x0000000800000000)
  region size 2048K, 5 young (10240K), 2 survivors (4096K)
 Metaspace       used 59770K, committed 60288K, reserved 1114112K
  class space    used 7713K, committed 7936K, reserved 1048576K
}
Event: 14.168 GC heap after
{Heap after GC invocations=13 (full 0):
 garbage-first heap   total 61440K, used 23939K [0x0000000703000000, 0x0000000800000000)
  region size 2048K, 2 young (4096K), 2 survivors (4096K)
 Metaspace       used 59770K, committed 60288K, reserved 1114112K
  class space    used 7713K, committed 7936K, reserved 1048576K
}

Dll operation events (14 events):
Event: 0.013 Loaded shared library C:\Program Files\Java\jdk-19\bin\java.dll
Event: 0.032 Loaded shared library C:\Program Files\Java\jdk-19\bin\jsvml.dll
Event: 0.310 Loaded shared library C:\Program Files\Java\jdk-19\bin\zip.dll
Event: 0.315 Loaded shared library C:\Program Files\Java\jdk-19\bin\instrument.dll
Event: 0.328 Loaded shared library C:\Program Files\Java\jdk-19\bin\net.dll
Event: 0.331 Loaded shared library C:\Program Files\Java\jdk-19\bin\nio.dll
Event: 0.337 Loaded shared library C:\Program Files\Java\jdk-19\bin\zip.dll
Event: 0.518 Loaded shared library C:\Program Files\JetBrains\IntelliJ IDEA Community Edition 2024.1\bin\breakgen64.dll
Event: 0.552 Loaded shared library C:\Program Files\Java\jdk-19\bin\extnet.dll
Event: 0.635 Loaded shared library C:\Program Files\Java\jdk-19\bin\jimage.dll
Event: 1.360 Loaded shared library C:\Program Files\Java\jdk-19\bin\management.dll
Event: 1.363 Loaded shared library C:\Program Files\Java\jdk-19\bin\management_ext.dll
Event: 3.018 Loaded shared library C:\Program Files\Java\jdk-19\bin\sunmscapi.dll
Event: 9.232 Loaded shared library C:\Program Files\Java\jdk-19\bin\verify.dll

Deoptimization events (20 events):
Event: 14.543 Thread 0x000001659fbc58a0 Uncommon trap: trap_request=0xffffffde fr.pc=0x0000016587cf782c relative=0x0000000000003f4c
Event: 14.543 Thread 0x000001659fbc58a0 Uncommon trap: reason=class_check action=maybe_recompile pc=0x0000016587cf782c method=org.springframework.core.annotation.AnnotationsScanner.processMethodHierarchy(Ljava/lang/Object;[ILjava/lang/Class;Lorg/springframework/core/annotation/AnnotationsProces
Event: 14.543 Thread 0x000001659fbc58a0 DEOPT PACKING pc=0x0000016587cf782c sp=0x0000003b9c1fde70
Event: 14.543 Thread 0x000001659fbc58a0 DEOPT UNPACKING pc=0x0000016587596da3 sp=0x0000003b9c1fde78 mode 2
Event: 14.640 Thread 0x000001659fbc58a0 Uncommon trap: trap_request=0xffffffc6 fr.pc=0x0000016587cce038 relative=0x0000000000000c58
Event: 14.640 Thread 0x000001659fbc58a0 Uncommon trap: reason=bimorphic_or_optimized_type_check action=maybe_recompile pc=0x0000016587cce038 method=org.springframework.core.annotation.AnnotationsScanner.processClassHierarchy(Ljava/lang/Object;[ILjava/lang/Class;Lorg/springframework/core/annotat
Event: 14.640 Thread 0x000001659fbc58a0 DEOPT PACKING pc=0x0000016587cce038 sp=0x0000003b9c1fd770
Event: 14.640 Thread 0x000001659fbc58a0 DEOPT UNPACKING pc=0x0000016587596da3 sp=0x0000003b9c1fd768 mode 2
Event: 14.642 Thread 0x000001659fbc58a0 Uncommon trap: trap_request=0xffffffc6 fr.pc=0x0000016587cce038 relative=0x0000000000000c58
Event: 14.642 Thread 0x000001659fbc58a0 Uncommon trap: reason=bimorphic_or_optimized_type_check action=maybe_recompile pc=0x0000016587cce038 method=org.springframework.core.annotation.AnnotationsScanner.processClassHierarchy(Ljava/lang/Object;[ILjava/lang/Class;Lorg/springframework/core/annotat
Event: 14.642 Thread 0x000001659fbc58a0 DEOPT PACKING pc=0x0000016587cce038 sp=0x0000003b9c1fd770
Event: 14.642 Thread 0x000001659fbc58a0 DEOPT UNPACKING pc=0x0000016587596da3 sp=0x0000003b9c1fd768 mode 2
Event: 14.648 Thread 0x000001659fbc58a0 Uncommon trap: trap_request=0xffffffc6 fr.pc=0x0000016587cce038 relative=0x0000000000000c58
Event: 14.648 Thread 0x000001659fbc58a0 Uncommon trap: reason=bimorphic_or_optimized_type_check action=maybe_recompile pc=0x0000016587cce038 method=org.springframework.core.annotation.AnnotationsScanner.processClassHierarchy(Ljava/lang/Object;[ILjava/lang/Class;Lorg/springframework/core/annotat
Event: 14.648 Thread 0x000001659fbc58a0 DEOPT PACKING pc=0x0000016587cce038 sp=0x0000003b9c1fd770
Event: 14.648 Thread 0x000001659fbc58a0 DEOPT UNPACKING pc=0x0000016587596da3 sp=0x0000003b9c1fd768 mode 2
Event: 14.650 Thread 0x000001659fbc58a0 Uncommon trap: trap_request=0xffffffc6 fr.pc=0x0000016587cce038 relative=0x0000000000000c58
Event: 14.650 Thread 0x000001659fbc58a0 Uncommon trap: reason=bimorphic_or_optimized_type_check action=maybe_recompile pc=0x0000016587cce038 method=org.springframework.core.annotation.AnnotationsScanner.processClassHierarchy(Ljava/lang/Object;[ILjava/lang/Class;Lorg/springframework/core/annotat
Event: 14.650 Thread 0x000001659fbc58a0 DEOPT PACKING pc=0x0000016587cce038 sp=0x0000003b9c1fd770
Event: 14.650 Thread 0x000001659fbc58a0 DEOPT UNPACKING pc=0x0000016587596da3 sp=0x0000003b9c1fd768 mode 2

Classes loaded (20 events):
Event: 13.452 Loading class javax/naming/Reference
Event: 13.452 Loading class javax/naming/Reference done
Event: 13.504 Loading class java/lang/SafeVarargs
Event: 13.504 Loading class java/lang/SafeVarargs done
Event: 13.506 Loading class sun/reflect/generics/reflectiveObjects/GenericArrayTypeImpl
Event: 13.507 Loading class sun/reflect/generics/reflectiveObjects/GenericArrayTypeImpl done
Event: 13.572 Loading class java/util/concurrent/ConcurrentHashMap$TreeNode
Event: 13.572 Loading class java/util/concurrent/ConcurrentHashMap$TreeNode done
Event: 13.572 Loading class java/util/concurrent/ConcurrentHashMap$TreeBin
Event: 13.573 Loading class java/util/concurrent/ConcurrentHashMap$TreeBin done
Event: 14.081 Loading class java/lang/Package$1PackageInfoProxy
Event: 14.081 Loading class java/lang/Package$1PackageInfoProxy done
Event: 14.280 Loading class java/time/DurationEditor
Event: 14.280 Loading class java/time/DurationEditor done
Event: 14.288 Loading class java/util/regex/Pattern$1
Event: 14.288 Loading class java/util/regex/Pattern$1 done
Event: 14.489 Loading class java/util/regex/PatternSyntaxException
Event: 14.489 Loading class java/util/regex/PatternSyntaxException done
Event: 14.505 Loading class java/util/Comparators$NullComparator
Event: 14.505 Loading class java/util/Comparators$NullComparator done

Classes unloaded (0 events):
No events

Classes redefined (0 events):
No events

Internal exceptions (20 events):
Event: 13.087 Thread 0x000001659fbc58a0 Exception <a 'java/lang/NoSuchMethodError'{0x000000070f1216c8}: 'java.lang.Object java.lang.invoke.Invokers$Holder.linkToTargetMethod(java.lang.Object, int, java.lang.Object, java.lang.Object)'> (0x000000070f1216c8) 
thrown [s\open\src\hotspot\share\interpreter\linkResolver.cpp, line 774]
Event: 13.101 Thread 0x000001659fbc58a0 Exception <a 'java/lang/NoSuchMethodError'{0x000000070f177408}: 'void java.lang.invoke.DirectMethodHandle$Holder.invokeSpecial(java.lang.Object, java.lang.Object, java.lang.Object, java.lang.Object, java.lang.Object, java.lang.Object, java.lang.Object, java.lang.Object)'> (0x000000070f177408) 
thrown [s\open\src\hotspot\share\interpreter\linkResolver.cpp, line 774]
Event: 13.109 Thread 0x000001659fbc58a0 Exception <a 'java/lang/NoSuchMethodError'{0x000000070f1b6690}: 'java.lang.Object java.lang.invoke.DirectMethodHandle$Holder.newInvokeSpecial(java.lang.Object, java.lang.Object, int)'> (0x000000070f1b6690) 
thrown [s\open\src\hotspot\share\interpreter\linkResolver.cpp, line 774]
Event: 13.158 Thread 0x000001659fbc58a0 Exception <a 'java/lang/NoSuchMethodError'{0x000000070eef42d8}: 'int java.lang.invoke.DirectMethodHandle$Holder.invokeStatic(java.lang.Object, int, java.lang.Object)'> (0x000000070eef42d8) 
thrown [s\open\src\hotspot\share\interpreter\linkResolver.cpp, line 774]
Event: 13.162 Thread 0x000001659fbc58a0 Exception <a 'java/lang/NoSuchMethodError'{0x000000070ef11f78}: 'java.lang.Object java.lang.invoke.DirectMethodHandle$Holder.newInvokeSpecial(java.lang.Object, java.lang.Object, java.lang.Object, java.lang.Object, java.lang.Object, int, java.lang.Object)'> (0x000000070ef11f78) 
thrown [s\open\src\hotspot\share\interpreter\linkResolver.cpp, line 774]
Event: 13.171 Thread 0x000001659fbc58a0 Exception <a 'java/lang/NoSuchMethodError'{0x000000070ef464c8}: 'java.lang.Object java.lang.invoke.DirectMethodHandle$Holder.newInvokeSpecial(java.lang.Object, java.lang.Object, java.lang.Object, java.lang.Object, java.lang.Object, java.lang.Object, java.lang.Object, java.lang.Object, java.lang.Object, java.lang.Object, java.lang.Object, java.lang.Object)'> (0x000000070ef464c8) 
thrown [s\open\src\hotspot\share\interpreter\linkResolver.cpp, line 774]
Event: 13.172 Thread 0x000001659fbc58a0 Exception <a 'java/lang/NoSuchMethodError'{0x000000070ef4b2a8}: 'java.lang.Object java.lang.invoke.DirectMethodHandle$Holder.invokeSpecial(java.lang.Object, java.lang.Object, java.lang.Object, java.lang.Object, java.lang.Object, java.lang.Object, java.lang.Object, java.lang.Object, java.lang.Object, java.lang.Object, java.lang.Object, java.lang.Object, java.lang.Object)'> (0x000000070ef4b2a8) 
thrown [s\open\src\hotspot\share\interpreter\linkResolver.cpp, line 774]
Event: 13.173 Thread 0x000001659fbc58a0 Exception <a 'java/lang/NoSuchMethodError'{0x000000070ef4fa10}: 'java.lang.Object java.lang.invoke.Invokers$Holder.linkToTargetMethod(java.lang.Object, java.lang.Object, java.lang.Object, java.lang.Object, java.lang.Object, java.lang.Object, java.lang.Object, java.lang.Object, java.lang.Object, java.lang.Object, java.lang.Object, java.lang.Object)'> (0x000000070ef4fa10) 
thrown [s\open\src\hotspot\share\interpreter\linkResolver.cpp, line 774]
Event: 13.232 Thread 0x000001659fbc58a0 Exception <a 'java/lang/NoSuchMethodError'{0x00000007060d8fe8}: 'java.lang.Object java.lang.invoke.DirectMethodHandle$Holder.newInvokeSpecial(java.lang.Object, java.lang.Object, java.lang.Object, java.lang.Object, java.lang.Object, java.lang.Object)'> (0x00000007060d8fe8) 
thrown [s\open\src\hotspot\share\interpreter\linkResolver.cpp, line 774]
Event: 13.262 Thread 0x000001659fbc58a0 Exception <a 'java/lang/NoSuchMethodError'{0x000000070613dd58}: 'java.lang.Object java.lang.invoke.DirectMethodHandle$Holder.newInvokeSpecial(java.lang.Object, java.lang.Object, java.lang.Object, java.lang.Object, java.lang.Object, java.lang.Object, java.lang.Object, int)'> (0x000000070613dd58) 
thrown [s\open\src\hotspot\share\interpreter\linkResolver.cpp, line 774]
Event: 13.262 Thread 0x000001659fbc58a0 Exception <a 'java/lang/NoSuchMethodError'{0x0000000706142d68}: 'java.lang.Object java.lang.invoke.DirectMethodHandle$Holder.invokeSpecial(java.lang.Object, java.lang.Object, java.lang.Object, java.lang.Object, java.lang.Object, java.lang.Object, java.lang.Object, java.lang.Object, int)'> (0x0000000706142d68) 
thrown [s\open\src\hotspot\share\interpreter\linkResolver.cpp, line 774]
Event: 13.263 Thread 0x000001659fbc58a0 Exception <a 'java/lang/NoSuchMethodError'{0x0000000706147840}: 'java.lang.Object java.lang.invoke.Invokers$Holder.linkToTargetMethod(java.lang.Object, java.lang.Object, java.lang.Object, java.lang.Object, java.lang.Object, java.lang.Object, int, java.lang.Object)'> (0x0000000706147840) 
thrown [s\open\src\hotspot\share\interpreter\linkResolver.cpp, line 774]
Event: 13.301 Thread 0x000001659fbc58a0 Exception <a 'java/lang/NoSuchMethodError'{0x0000000705e08068}: 'void java.lang.invoke.DirectMethodHandle$Holder.invokeInterface(java.lang.Object, java.lang.Object)'> (0x0000000705e08068) 
thrown [s\open\src\hotspot\share\interpreter\linkResolver.cpp, line 774]
Event: 13.464 Thread 0x000001659fbc58a0 Exception <a 'java/lang/NoSuchMethodError'{0x0000000705da1bc8}: 'void java.lang.invoke.Invokers$Holder.invokeExact_MT(java.lang.Object, java.lang.Object, java.lang.Object, java.lang.Object)'> (0x0000000705da1bc8) 
thrown [s\open\src\hotspot\share\interpreter\linkResolver.cpp, line 774]
Event: 13.498 Thread 0x000001659fbc58a0 Implicit null exception at 0x0000016587d02560 to 0x0000016587d0277c
Event: 13.573 Thread 0x000001659fbc58a0 Exception <a 'java/lang/IncompatibleClassChangeError'{0x0000000705976958}: Found class java.lang.Object, but interface was expected> (0x0000000705976958) 
thrown [s\open\src\hotspot\share\interpreter\linkResolver.cpp, line 841]
Event: 13.593 Thread 0x000001659fbc58a0 Exception <a 'java/lang/IncompatibleClassChangeError'{0x00000007059ea960}: Found class java.lang.Object, but interface was expected> (0x00000007059ea960) 
thrown [s\open\src\hotspot\share\interpreter\linkResolver.cpp, line 841]
Event: 13.658 Thread 0x000001659fbc58a0 Exception <a 'java/lang/IncompatibleClassChangeError'{0x000000070573f178}: Found class java.lang.Object, but interface was expected> (0x000000070573f178) 
thrown [s\open\src\hotspot\share\interpreter\linkResolver.cpp, line 841]
Event: 14.061 Thread 0x000001659fbc58a0 Exception <a 'java/lang/IncompatibleClassChangeError'{0x000000070f57ed58}: Found class java.lang.Object, but interface was expected> (0x000000070f57ed58) 
thrown [s\open\src\hotspot\share\interpreter\linkResolver.cpp, line 841]
Event: 14.358 Thread 0x000001659fbc58a0 Exception <a 'java/lang/NoSuchMethodError'{0x000000070f41bc88}: 'java.lang.Object java.lang.invoke.DirectMethodHandle$Holder.newInvokeSpecial(java.lang.Object, java.lang.Object, java.lang.Object, java.lang.Object, java.lang.Object, java.lang.Object, java.lang.Object, java.lang.Object)'> (0x000000070f41bc88) 
thrown [s\open\src\hotspot\share\interpreter\linkResolver.cpp, line 774]

VM Operations (20 events):
Event: 13.898 Executing VM operation: HandshakeAllThreads
Event: 13.908 Executing VM operation: HandshakeAllThreads done
Event: 13.908 Executing VM operation: HandshakeAllThreads
Event: 13.909 Executing VM operation: HandshakeAllThreads done
Event: 14.097 Executing VM operation: HandshakeAllThreads
Event: 14.097 Executing VM operation: HandshakeAllThreads done
Event: 14.098 Executing VM operation: HandshakeAllThreads
Event: 14.098 Executing VM operation: HandshakeAllThreads done
Event: 14.160 Executing VM operation: CollectForMetadataAllocation
Event: 14.169 Executing VM operation: CollectForMetadataAllocation done
Event: 14.222 Executing VM operation: G1PauseRemark
Event: 14.226 Executing VM operation: G1PauseRemark done
Event: 14.247 Executing VM operation: G1PauseCleanup
Event: 14.247 Executing VM operation: G1PauseCleanup done
Event: 14.460 Executing VM operation: HandshakeAllThreads
Event: 14.460 Executing VM operation: HandshakeAllThreads done
Event: 14.602 Executing VM operation: HandshakeAllThreads
Event: 14.602 Executing VM operation: HandshakeAllThreads done
Event: 14.652 Executing VM operation: HandshakeAllThreads
Event: 14.652 Executing VM operation: HandshakeAllThreads done

Events (20 events):
Event: 13.926 Thread 0x000001659aa6a490 flushing nmethod 0x0000016580928910
Event: 13.926 Thread 0x000001659aa6a490 flushing nmethod 0x0000016580928c10
Event: 13.926 Thread 0x000001659aa6a490 flushing nmethod 0x0000016580929090
Event: 13.926 Thread 0x000001659aa6a490 flushing nmethod 0x0000016580929910
Event: 13.926 Thread 0x000001659aa6a490 flushing nmethod 0x000001658092a410
Event: 13.926 Thread 0x000001659aa6a490 flushing nmethod 0x000001658092ac90
Event: 13.926 Thread 0x000001659aa6a490 flushing nmethod 0x000001658092d910
Event: 13.926 Thread 0x000001659aa6a490 flushing nmethod 0x000001658092dc90
Event: 13.926 Thread 0x000001659aa6a490 flushing nmethod 0x000001658092e490
Event: 13.926 Thread 0x000001659aa6a490 flushing nmethod 0x000001658092f410
Event: 13.926 Thread 0x000001659aa6a490 flushing nmethod 0x000001658092fc90
Event: 13.926 Thread 0x000001659aa6a490 flushing nmethod 0x0000016580930210
Event: 13.926 Thread 0x000001659aa6a490 flushing nmethod 0x0000016580930610
Event: 13.926 Thread 0x000001659aa6a490 flushing nmethod 0x0000016580930c90
Event: 13.926 Thread 0x000001659aa6a490 flushing nmethod 0x0000016580936910
Event: 13.926 Thread 0x000001659aa6a490 flushing nmethod 0x0000016580937f90
Event: 13.926 Thread 0x000001659aa6a490 flushing nmethod 0x0000016580939790
Event: 13.926 Thread 0x000001659aa6a490 flushing nmethod 0x0000016580941010
Event: 13.927 Thread 0x000001659aa6a490 flushing nmethod 0x0000016580a56790
Event: 13.927 Thread 0x000001659aa6a490 flushing nmethod 0x0000016580ab3210


Dynamic libraries:
0x00007ff7f5540000 - 0x00007ff7f5550000 	C:\Program Files\Java\jdk-19\bin\java.exe
0x00007fffde330000 - 0x00007fffde528000 	C:\Windows\SYSTEM32\ntdll.dll
0x00007fffddd10000 - 0x00007fffdddcf000 	C:\Windows\System32\KERNEL32.DLL
0x00007fffdbb70000 - 0x00007fffdbe42000 	C:\Windows\System32\KERNELBASE.dll
0x00007fffdbf20000 - 0x00007fffdc020000 	C:\Windows\System32\ucrtbase.dll
0x00007fffd1ba0000 - 0x00007fffd1bbb000 	C:\Program Files\Java\jdk-19\bin\VCRUNTIME140.dll
0x00007fffc47b0000 - 0x00007fffc47c8000 	C:\Program Files\Java\jdk-19\bin\jli.dll
0x00007fffdc9a0000 - 0x00007fffdca4e000 	C:\Windows\System32\ADVAPI32.dll
0x00007fffdc380000 - 0x00007fffdc41e000 	C:\Windows\System32\msvcrt.dll
0x00007fffdcd10000 - 0x00007fffdcdac000 	C:\Windows\System32\sechost.dll
0x00007fffdcbb0000 - 0x00007fffdccd4000 	C:\Windows\System32\RPCRT4.dll
0x00007fffdc790000 - 0x00007fffdc931000 	C:\Windows\System32\USER32.dll
0x00007fffdbef0000 - 0x00007fffdbf12000 	C:\Windows\System32\win32u.dll
0x00007fffc0660000 - 0x00007fffc08fa000 	C:\Windows\WinSxS\amd64_microsoft.windows.common-controls_6595b64144ccf1df_6.0.19041.1110_none_60b5254171f9507e\COMCTL32.dll
0x00007fffdddf0000 - 0x00007fffdde1b000 	C:\Windows\System32\GDI32.dll
0x00007fffdc220000 - 0x00007fffdc32f000 	C:\Windows\System32\gdi32full.dll
0x00007fffdbe50000 - 0x00007fffdbeed000 	C:\Windows\System32\msvcp_win.dll
0x00007fffcc4e0000 - 0x00007fffcc4ea000 	C:\Windows\SYSTEM32\VERSION.dll
0x00007fffdcce0000 - 0x00007fffdcd10000 	C:\Windows\System32\IMM32.DLL
0x00007fffc5ad0000 - 0x00007fffc5adc000 	C:\Program Files\Java\jdk-19\bin\vcruntime140_1.dll
0x00007fff9d5e0000 - 0x00007fff9d66e000 	C:\Program Files\Java\jdk-19\bin\msvcp140.dll
0x00007fff931c0000 - 0x00007fff93e80000 	C:\Program Files\Java\jdk-19\bin\server\jvm.dll
0x00007fffd5760000 - 0x00007fffd5769000 	C:\Windows\SYSTEM32\WSOCK32.dll
0x00007fffbdc60000 - 0x00007fffbdc87000 	C:\Windows\SYSTEM32\WINMM.dll
0x00007fffdd060000 - 0x00007fffdd0cb000 	C:\Windows\System32\WS2_32.dll
0x00007fffd98b0000 - 0x00007fffd98c2000 	C:\Windows\SYSTEM32\kernel.appcore.dll
0x00007fffc5010000 - 0x00007fffc501a000 	C:\Program Files\Java\jdk-19\bin\jimage.dll
0x00007fffbd890000 - 0x00007fffbda74000 	C:\Windows\SYSTEM32\DBGHELP.DLL
0x00007fffbd850000 - 0x00007fffbd885000 	C:\Windows\SYSTEM32\dbgcore.DLL
0x00007fffdbae0000 - 0x00007fffdbb62000 	C:\Windows\System32\bcryptPrimitives.dll
0x00007fffc4580000 - 0x00007fffc458e000 	C:\Program Files\Java\jdk-19\bin\instrument.dll
0x00007fffc43d0000 - 0x00007fffc43f6000 	C:\Program Files\Java\jdk-19\bin\java.dll
0x00007fff9d3e0000 - 0x00007fff9d4b7000 	C:\Program Files\Java\jdk-19\bin\jsvml.dll
0x00007fffdd560000 - 0x00007fffddca5000 	C:\Windows\System32\SHELL32.dll
0x00007fffd9ab0000 - 0x00007fffda242000 	C:\Windows\SYSTEM32\windows.storage.dll
0x00007fffdc430000 - 0x00007fffdc785000 	C:\Windows\System32\combase.dll
0x00007fffdb2d0000 - 0x00007fffdb300000 	C:\Windows\SYSTEM32\Wldp.dll
0x00007fffdcb00000 - 0x00007fffdcbad000 	C:\Windows\System32\SHCORE.dll
0x00007fffde290000 - 0x00007fffde2e5000 	C:\Windows\System32\shlwapi.dll
0x00007fffdb970000 - 0x00007fffdb98f000 	C:\Windows\SYSTEM32\profapi.dll
0x00007fffc4370000 - 0x00007fffc4388000 	C:\Program Files\Java\jdk-19\bin\zip.dll
0x00007fffc4790000 - 0x00007fffc47a3000 	C:\Program Files\Java\jdk-19\bin\net.dll
0x00007fffd3f20000 - 0x00007fffd402a000 	C:\Windows\SYSTEM32\WINHTTP.dll
0x00007fffdb0b0000 - 0x00007fffdb11a000 	C:\Windows\system32\mswsock.dll
0x00007fffc4390000 - 0x00007fffc43a6000 	C:\Program Files\Java\jdk-19\bin\nio.dll
0x00007fffc4240000 - 0x00007fffc425a000 	C:\Program Files\JetBrains\IntelliJ IDEA Community Edition 2024.1\bin\breakgen64.dll
0x00007fffc4230000 - 0x00007fffc4238000 	C:\Program Files\Java\jdk-19\bin\extnet.dll
0x00007fffc4220000 - 0x00007fffc422a000 	C:\Program Files\Java\jdk-19\bin\management.dll
0x00007fffc4130000 - 0x00007fffc413b000 	C:\Program Files\Java\jdk-19\bin\management_ext.dll
0x00007fffdcfc0000 - 0x00007fffdcfc8000 	C:\Windows\System32\PSAPI.DLL
0x00007fffc4120000 - 0x00007fffc412e000 	C:\Program Files\Java\jdk-19\bin\sunmscapi.dll
0x00007fffdc0c0000 - 0x00007fffdc216000 	C:\Windows\System32\CRYPT32.dll
0x00007fffdb490000 - 0x00007fffdb4b7000 	C:\Windows\SYSTEM32\ncrypt.dll
0x00007fffdb450000 - 0x00007fffdb48b000 	C:\Windows\SYSTEM32\NTASN1.dll
0x00007fffdb310000 - 0x00007fffdb328000 	C:\Windows\SYSTEM32\CRYPTSP.dll
0x00007fffda9f0000 - 0x00007fffdaa24000 	C:\Windows\system32\rsaenh.dll
0x00007fffdc020000 - 0x00007fffdc047000 	C:\Windows\System32\bcrypt.dll
0x00007fffdb930000 - 0x00007fffdb95e000 	C:\Windows\SYSTEM32\USERENV.dll
0x00007fffdb240000 - 0x00007fffdb24c000 	C:\Windows\SYSTEM32\CRYPTBASE.dll
0x00007fffdadc0000 - 0x00007fffdadfb000 	C:\Windows\SYSTEM32\IPHLPAPI.DLL
0x00007fffdc420000 - 0x00007fffdc428000 	C:\Windows\System32\NSI.dll
0x00007fffd55f0000 - 0x00007fffd5607000 	C:\Windows\SYSTEM32\dhcpcsvc6.DLL
0x00007fffd56e0000 - 0x00007fffd56fd000 	C:\Windows\SYSTEM32\dhcpcsvc.DLL
0x00007fffdae00000 - 0x00007fffdaecb000 	C:\Windows\SYSTEM32\DNSAPI.dll
0x00007fffc4110000 - 0x00007fffc4120000 	C:\Program Files\Java\jdk-19\bin\verify.dll
0x00007fffcd4e0000 - 0x00007fffcd4ea000 	C:\Windows\System32\rasadhlp.dll
0x00007fffd3180000 - 0x00007fffd3200000 	C:\Windows\System32\fwpuclnt.dll

dbghelp: loaded successfully - version: 4.0.5 - missing functions: none
symbol engine: initialized successfully - sym options: 0x614 - pdb path: .;C:\Program Files\Java\jdk-19\bin;C:\Windows\SYSTEM32;C:\Windows\WinSxS\amd64_microsoft.windows.common-controls_6595b64144ccf1df_6.0.19041.1110_none_60b5254171f9507e;C:\Program Files\Java\jdk-19\bin\server;C:\Program Files\JetBrains\IntelliJ IDEA Community Edition 2024.1\bin

VM Arguments:
jvm_args: -javaagent:C:\Program Files\JetBrains\IntelliJ IDEA Community Edition 2024.1\lib\idea_rt.jar=63651:C:\Program Files\JetBrains\IntelliJ IDEA Community Edition 2024.1\bin -Dfile.encoding=UTF-8 -Dsun.stdout.encoding=UTF-8 -Dsun.stderr.encoding=UTF-8 
java_command: com.blogWebAapp.blogServer.BlogServerApplication
java_class_path (initial): C:\Users\info\Desktop\blog_spring_angular\blogServer\target\classes;C:\Users\info\.m2\repository\org\springframework\boot\spring-boot-starter-data-jpa\3.2.5\spring-boot-starter-data-jpa-3.2.5.jar;C:\Users\info\.m2\repository\org\springframework\boot\spring-boot-starter-aop\3.2.5\spring-boot-starter-aop-3.2.5.jar;C:\Users\info\.m2\repository\org\springframework\spring-aop\6.1.6\spring-aop-6.1.6.jar;C:\Users\info\.m2\repository\org\aspectj\aspectjweaver\1.9.22\aspectjweaver-1.9.22.jar;C:\Users\info\.m2\repository\org\springframework\boot\spring-boot-starter-jdbc\3.2.5\spring-boot-starter-jdbc-3.2.5.jar;C:\Users\info\.m2\repository\com\zaxxer\HikariCP\5.0.1\HikariCP-5.0.1.jar;C:\Users\info\.m2\repository\org\springframework\spring-jdbc\6.1.6\spring-jdbc-6.1.6.jar;C:\Users\info\.m2\repository\org\hibernate\orm\hibernate-core\6.4.4.Final\hibernate-core-6.4.4.Final.jar;C:\Users\info\.m2\repository\jakarta\persistence\jakarta.persistence-api\3.1.0\jakarta.persistence-api-3.1.0.jar;C:\Users\info\.m2\repository\jakarta\transaction\jakarta.transaction-api\2.0.1\jakarta.transaction-api-2.0.1.jar;C:\Users\info\.m2\repository\org\jboss\logging\jboss-logging\3.5.3.Final\jboss-logging-3.5.3.Final.jar;C:\Users\info\.m2\repository\org\hibernate\common\hibernate-commons-annotations\6.0.6.Final\hibernate-commons-annotations-6.0.6.Final.jar;C:\Users\info\.m2\repository\io\smallrye\jandex\3.1.2\jandex-3.1.2.jar;C:\Users\info\.m2\repository\com\fasterxml\classmate\1.6.0\classmate-1.6.0.jar;C:\Users\info\.m2\repository\net\bytebuddy\byte-buddy\1.14.13\byte-buddy-1.14.13.jar;C:\Users\info\.m2\repository\org\glassfish\jaxb\jaxb-runtime\4.0.5\jaxb-runtime-4.0.5.jar;C:\Users\info\.m2\repository\org\glassfish\jaxb\jaxb-core\4.0.5\jaxb-core-4.0.5.jar;C:\Users\info\.m2\repository\org\eclipse\angus\angus-activation\2.0.2\angus-activation-2.0.2.jar;C:\Users\info\.m2\repository\org\glassfish\jaxb\txw2\4.0.5\txw2-4.0.5.jar;C:\Users\info\.m2\repository\com\sun\istack\istack-commons-runtime\4.1.2\istack-commons-runtime-4.1.2.jar;C:\Users\info\.m2\repository\jakarta\inject\jakarta.inject-api\2.0.1\jakarta.inject-api-2.0.1.jar;C:\Users\info\.m2\repository\org\antlr\antlr4-runtime\4.13.0\antlr4-runtime-4.13.0.jar;C:\Users\info\.m2\repository\org\springframework\data\spring-data-jpa\3.2.5\spring-data-jpa-3.2.5.jar;C:\Users\info\.m2\repository\org\springframework\data\spring-data-commons\3.2.5\spring-data-commons-3.2.5.jar;C:\Users\info\.m2\repository\org\springframework\spring-orm\6.1.6\spring-orm-6.1.6.jar;C:\Users\info\.m2\repository\org\springframework\spring-context\6.1.6\spring-context-6.1.6.jar;C:\Users\info\.m2\repository\org\springframework\spring-tx\6.1.6\spring-tx-6.1.6.jar;C:\Users\info\.m2\repository\org\springframework\spring-beans\6.1.6\spring-beans-6.1.6.jar;C:\Users\info\.m2\repository\jakarta\annotation\jakarta.annotation-api\2.1.1\jakarta.annotation-api-2.1.1.jar;C:\Users\info\.m2\repository\org\slf4j\slf4j-api\2.0.13\slf4j-api-2.0.13.jar;C:\Users\info\.m2\repository\org\springframework\spring-aspects\6.1.6\spring-aspects-6.1.6.jar;C:\Users\info\.m2\repository\org\springframework\boot\spring-boot-starter-web\3.2.5\spring-boot-starter-web-3.2.5.jar;C:\Users\info\.m2\repository\org\springframework\boot\spring-boot-starter\3.2.5\spring-boot-starter-3.2.5.jar;C:\Users\info\.m2\repository\org\springframework\boot\spring-boot-starter-logging\3.2.5\spring-boot-starter-logging-3.2.5.jar;C:\Users\info\.m2\repository\ch\qos\logback\logback-classic\1.4.14\logback-classic-1.4.14.jar;C:\Users\info\.m2\repository\ch\qos\logback\logback-core\1.4.14\logback-core-1.4.14.jar;C:\Users\info\.m2\repository\org\apache\logging\log4j\log4j-to-slf4j\2.21.1\log4j-to-slf4j-2.21.1.jar;C:\Users\info\.m2\repository\org\apache\logging\log4j\log4j-api\2.21.1\log4j-api-2.21.1.jar;C:\Users\info\.m2\repository\org\slf4j\jul-to-slf4j\2.0.13\jul-to-slf4j-2.0.13.jar;C:\Users\info\.m2\repository\org\yaml\snakeyaml\2.2\snakeyaml-2.2.jar;C:\Users\info\.m2\repository\org\springframework\boot\spring-boot-starter-json\3.2.5\spring-boot-starter-json-3.2.5.jar;C:\Users\info\.m2\repository\com\fasterxml\jackson\core\jackson-databind\2.15.4\jackson-databind-2.15.4.jar;C:\Users\info\.m2\repository\com\fasterxml\jackson\core\jackson-annotations\2.15.4\jackson-annotations-2.15.4.jar;C:\Users\info\.m2\repository\com\fasterxml\jackson\core\jackson-core\2.15.4\jackson-core-2.15.4.jar;C:\Users\info\.m2\repository\com\fasterxml\jackson\datatype\jackson-datatype-jdk8\2.15.4\jackson-datatype-jdk8-2.15.4.jar;C:\Users\info\.m2\repository\com\fasterxml\jackson\datatype\jackson-datatype-jsr310\2.15.4\jackson-datatype-jsr310-2.15.4.jar;C:\Users\info\.m2\repository\com\fasterxml\jackson\module\jackson-module-parameter-names\2.15.4\jackson-module-parameter-names-2.15.4.jar;C:\Users\info\.m2\repository\org\springframework\boot\spring-boot-starter-tomcat\3.2.5\spring-boot-starter-tomcat-3.2.5.jar;C:\Users\info\.m2\repository\org\apache\tomcat\embed\tomcat-embed-core\10.1.20\tomcat-embed-core-10.1.20.jar;C:\Users\info\.m2\repository\org\apache\tomcat\embed\tomcat-embed-el\10.1.20\tomcat-embed-el-10.1.20.jar;C:\Users\info\.m2\repository\org\apache\tomcat\embed\tomcat-embed-websocket\10.1.20\tomcat-embed-websocket-10.1.20.jar;C:\Users\info\.m2\repository\org\springframework\spring-web\6.1.6\spring-web-6.1.6.jar;C:\Users\info\.m2\repository\io\micrometer\micrometer-observation\1.12.5\micrometer-observation-1.12.5.jar;C:\Users\info\.m2\repository\io\micrometer\micrometer-commons\1.12.5\micrometer-commons-1.12.5.jar;C:\Users\info\.m2\repository\org\springframework\spring-webmvc\6.1.6\spring-webmvc-6.1.6.jar;C:\Users\info\.m2\repository\org\springframework\spring-expression\6.1.6\spring-expression-6.1.6.jar;C:\Users\info\.m2\repository\org\springframework\boot\spring-boot-devtools\3.2.5\spring-boot-devtools-3.2.5.jar;C:\Users\info\.m2\repository\org\springframework\boot\spring-boot\3.2.5\spring-boot-3.2.5.jar;C:\Users\info\.m2\repository\org\springframework\boot\spring-boot-autoconfigure\3.2.5\spring-boot-autoconfigure-3.2.5.jar;C:\Users\info\.m2\repository\com\mysql\mysql-connector-j\8.3.0\mysql-connector-j-8.3.0.jar;C:\Users\info\.m2\repository\org\projectlombok\lombok\1.18.32\lombok-1.18.32.jar;C:\Users\info\.m2\repository\jakarta\xml\bind\jakarta.xml.bind-api\4.0.2\jakarta.xml.bind-api-4.0.2.jar;C:\Users\info\.m2\repository\jakarta\activation\jakarta.activation-api\2.1.3\jakarta.activation-api-2.1.3.jar;C:\Users\info\.m2\repository\org\springframework\spring-core\6.1.6\spring-core-6.1.6.jar;C:\Users\info\.m2\repository\org\springframework\spring-jcl\6.1.6\spring-jcl-6.1.6.jar
Launcher Type: SUN_STANDARD

[Global flags]
     intx CICompilerCount                          = 4                                         {product} {ergonomic}
     uint ConcGCThreads                            = 2                                         {product} {ergonomic}
     uint G1ConcRefinementThreads                  = 8                                         {product} {ergonomic}
   size_t G1HeapRegionSize                         = 2097152                                   {product} {ergonomic}
    uintx GCDrainStackTargetSize                   = 64                                        {product} {ergonomic}
   size_t InitialHeapSize                          = 266338304                                 {product} {ergonomic}
   size_t MarkStackSize                            = 4194304                                   {product} {ergonomic}
   size_t MaxHeapSize                              = 4244635648                                {product} {ergonomic}
   size_t MaxNewSize                               = 2545942528                                {product} {ergonomic}
   size_t MinHeapDeltaBytes                        = 2097152                                   {product} {ergonomic}
   size_t MinHeapSize                              = 8388608                                   {product} {ergonomic}
    uintx NonNMethodCodeHeapSize                   = 5839372                                {pd product} {ergonomic}
    uintx NonProfiledCodeHeapSize                  = 122909434                              {pd product} {ergonomic}
    uintx ProfiledCodeHeapSize                     = 122909434                              {pd product} {ergonomic}
    uintx ReservedCodeCacheSize                    = 251658240                              {pd product} {ergonomic}
     bool SegmentedCodeCache                       = true                                      {product} {ergonomic}
   size_t SoftMaxHeapSize                          = 4244635648                             {manageable} {ergonomic}
     bool UseCompressedClassPointers               = true                           {product lp64_product} {ergonomic}
     bool UseCompressedOops                        = true                           {product lp64_product} {ergonomic}
     bool UseG1GC                                  = true                                      {product} {ergonomic}
     bool UseLargePagesIndividualAllocation        = false                                  {pd product} {ergonomic}

Logging:
Log output configuration:
 #0: stdout all=warning uptime,level,tags foldmultilines=false
 #1: stderr all=off uptime,level,tags foldmultilines=false

Environment Variables:
JAVA_HOME=C:\Program Files\Java\jdk-19\bin
PATH=C:\Program Files (x86)\VMware\VMware Workstation\bin\;C:\Users\info\Oracle\bin;C:\Program Files\Java\jdk-19\bin;C:\Program Files\Common Files\Oracle\Java\javapath;C:\Program Files (x86)\Common Files\Oracle\Java\java8path;C:\Program Files (x86)\Common Files\Oracle\Java\javapath;C:\Windows\system32;C:\Windows;C:\Windows\System32\Wbem;C:\Windows\System32\WindowsPowerShell\v1.0\;C:\Windows\System32\OpenSSH\;C:\Program Files\nodejs\;C:\xampp\php\php7.4.9;C:\composer;C:\Program Files\Git\cmd;C:\xampp\php;C:\Users\info\Downloads\javafx-sdk-19.0.2.1\bin;C:\mingw32\bin;C:\Program Files (x86)\GnuWin32\bin;C:\hadoop\bin;C:\hadoop\Sbin;C:\Program Files\Java\jdk-19\bin;;C:\Program Files\Docker\Docker\resources\bin;C:\Users\info\AppData\Local\Programs\Python\Python311\Scripts\;C:\Users\info\AppData\Local\Programs\Python\Python311\;C:\Program Files\MySQL\MySQL Shell 8.0\bin\;C:\Users\info\AppData\Local\Microsoft\WindowsApps;C:\Users\info\AppData\Local\Programs\Microsoft VS Code\bin;C:\Users\info\AppData\Roaming\npm;C:\Users\info\AppData\Roaming\Composer\vendor\bin;C:\Program Files\JetBrains\IntelliJ IDEA Community Edition 2024.1\bin;
USERNAME=info
OS=Windows_NT
PROCESSOR_IDENTIFIER=Intel64 Family 6 Model 142 Stepping 12, GenuineIntel
TMP=C:\Users\info\AppData\Local\Temp
TEMP=C:\Users\info\AppData\Local\Temp



---------------  S Y S T E M  ---------------

OS:
 Windows 10 , 64 bit Build 19041 (10.0.19041.2546)
OS uptime: 5 days 6:01 hours
Hyper-V role detected

CPU: total 8 (initial active 8) (4 cores per cpu, 2 threads per core) family 6 model 142 stepping 12 microcode 0xca, cx8, cmov, fxsr, ht, mmx, 3dnowpref, sse, sse2, sse3, ssse3, sse4.1, sse4.2, popcnt, lzcnt, tsc, tscinvbit, avx, avx2, aes, erms, clmul, bmi1, bmi2, adx, fma, vzeroupper, clflush, clflushopt, hv, rdtscp

Memory: 4k page, system-wide physical 16190M (2842M free)
TotalPageFile size 18787M (AvailPageFile size 231M)
current process WorkingSet (physical memory assigned to process): 263M, peak: 268M
current process commit charge ("private bytes"): 302M, peak: 406M

vm_info: Java HotSpot(TM) 64-Bit Server VM (19.0.2+7-44) for windows-amd64 JRE (19.0.2+7-44), built on 2022-11-30T18:02:09Z by "mach5one" with MS VC++ 17.1 (VS2022)

END.
